<?xml version="1.0" encoding="UTF-8"?>
<testsuite xmlns:xsi="http://www.w3.org/2001/XMLSchema-instance" xsi:noNamespaceSchemaLocation="https://maven.apache.org/surefire/maven-surefire-plugin/xsd/surefire-test-report-3.0.xsd" version="3.0" name="start.test.petstore.PetTest" time="2.348" tests="3" errors="0" skipped="0" failures="0">
  <properties>
    <property name="sun.desktop" value="windows"/>
    <property name="awt.toolkit" value="sun.awt.windows.WToolkit"/>
    <property name="java.specification.version" value="11"/>
    <property name="sun.cpu.isalist" value="amd64"/>
    <property name="sun.jnu.encoding" value="Cp1252"/>
    <property name="java.class.path" value="C:\Users\MohamedS\Documents\test-star\apiassignment\petstore\target\test-classes;C:\Users\MohamedS\Documents\test-star\apiassignment\petstore\target\classes;C:\Users\MohamedS\.m2\repository\junit\junit\4.12\junit-4.12.jar;C:\Users\MohamedS\.m2\repository\org\hamcrest\hamcrest-core\1.3\hamcrest-core-1.3.jar;C:\Users\MohamedS\.m2\repository\io\rest-assured\rest-assured\3.3.0\rest-assured-3.3.0.jar;C:\Users\MohamedS\.m2\repository\org\codehaus\groovy\groovy\2.4.15\groovy-2.4.15.jar;C:\Users\MohamedS\.m2\repository\org\codehaus\groovy\groovy-xml\2.4.15\groovy-xml-2.4.15.jar;C:\Users\MohamedS\.m2\repository\org\apache\httpcomponents\httpclient\4.5.3\httpclient-4.5.3.jar;C:\Users\MohamedS\.m2\repository\org\apache\httpcomponents\httpcore\4.4.6\httpcore-4.4.6.jar;C:\Users\MohamedS\.m2\repository\commons-logging\commons-logging\1.2\commons-logging-1.2.jar;C:\Users\MohamedS\.m2\repository\commons-codec\commons-codec\1.9\commons-codec-1.9.jar;C:\Users\MohamedS\.m2\repository\org\apache\httpcomponents\httpmime\4.5.3\httpmime-4.5.3.jar;C:\Users\MohamedS\.m2\repository\org\hamcrest\hamcrest-library\1.3\hamcrest-library-1.3.jar;C:\Users\MohamedS\.m2\repository\org\ccil\cowan\tagsoup\tagsoup\1.2.1\tagsoup-1.2.1.jar;C:\Users\MohamedS\.m2\repository\io\rest-assured\json-path\3.3.0\json-path-3.3.0.jar;C:\Users\MohamedS\.m2\repository\org\codehaus\groovy\groovy-json\2.4.15\groovy-json-2.4.15.jar;C:\Users\MohamedS\.m2\repository\io\rest-assured\rest-assured-common\3.3.0\rest-assured-common-3.3.0.jar;C:\Users\MohamedS\.m2\repository\io\rest-assured\xml-path\3.3.0\xml-path-3.3.0.jar;C:\Users\MohamedS\.m2\repository\org\apache\commons\commons-lang3\3.4\commons-lang3-3.4.jar;C:\Users\MohamedS\.m2\repository\javax\xml\bind\jaxb-api\2.2.12\jaxb-api-2.2.12.jar;C:\Users\MohamedS\.m2\repository\com\sun\xml\bind\jaxb-osgi\2.2.10\jaxb-osgi-2.2.10.jar;C:\Users\MohamedS\.m2\repository\org\apache\sling\org.apache.sling.javax.activation\0.1.0\org.apache.sling.javax.activation-0.1.0.jar;C:\Users\MohamedS\.m2\repository\javax\activation\activation\1.1.1\activation-1.1.1.jar;C:\Users\MohamedS\.m2\repository\com\googlecode\json-simple\json-simple\1.1.1\json-simple-1.1.1.jar;"/>
    <property name="java.vm.vendor" value="Oracle Corporation"/>
    <property name="sun.arch.data.model" value="64"/>
    <property name="user.variant" value=""/>
    <property name="java.vendor.url" value="http://java.oracle.com/"/>
    <property name="user.timezone" value="Europe/Berlin"/>
    <property name="java.vm.specification.version" value="11"/>
    <property name="os.name" value="Windows 10"/>
    <property name="sun.java.launcher" value="SUN_STANDARD"/>
    <property name="user.country" value="SE"/>
    <property name="sun.boot.library.path" value="C:\Program Files\Java\jdk-11.0.2\bin"/>
    <property name="sun.java.command" value="C:\Users\MohamedS\AppData\Local\Temp\surefire15275209984907786511\surefirebooter7962061961116814160.jar C:\Users\MohamedS\AppData\Local\Temp\surefire15275209984907786511 2020-02-09T13-05-29_019-jvmRun1 surefire16566839565973754893tmp surefire_011794746343802946188tmp"/>
    <property name="jdk.debug" value="release"/>
    <property name="surefire.test.class.path" value="C:\Users\MohamedS\Documents\test-star\apiassignment\petstore\target\test-classes;C:\Users\MohamedS\Documents\test-star\apiassignment\petstore\target\classes;C:\Users\MohamedS\.m2\repository\junit\junit\4.12\junit-4.12.jar;C:\Users\MohamedS\.m2\repository\org\hamcrest\hamcrest-core\1.3\hamcrest-core-1.3.jar;C:\Users\MohamedS\.m2\repository\io\rest-assured\rest-assured\3.3.0\rest-assured-3.3.0.jar;C:\Users\MohamedS\.m2\repository\org\codehaus\groovy\groovy\2.4.15\groovy-2.4.15.jar;C:\Users\MohamedS\.m2\repository\org\codehaus\groovy\groovy-xml\2.4.15\groovy-xml-2.4.15.jar;C:\Users\MohamedS\.m2\repository\org\apache\httpcomponents\httpclient\4.5.3\httpclient-4.5.3.jar;C:\Users\MohamedS\.m2\repository\org\apache\httpcomponents\httpcore\4.4.6\httpcore-4.4.6.jar;C:\Users\MohamedS\.m2\repository\commons-logging\commons-logging\1.2\commons-logging-1.2.jar;C:\Users\MohamedS\.m2\repository\commons-codec\commons-codec\1.9\commons-codec-1.9.jar;C:\Users\MohamedS\.m2\repository\org\apache\httpcomponents\httpmime\4.5.3\httpmime-4.5.3.jar;C:\Users\MohamedS\.m2\repository\org\hamcrest\hamcrest-library\1.3\hamcrest-library-1.3.jar;C:\Users\MohamedS\.m2\repository\org\ccil\cowan\tagsoup\tagsoup\1.2.1\tagsoup-1.2.1.jar;C:\Users\MohamedS\.m2\repository\io\rest-assured\json-path\3.3.0\json-path-3.3.0.jar;C:\Users\MohamedS\.m2\repository\org\codehaus\groovy\groovy-json\2.4.15\groovy-json-2.4.15.jar;C:\Users\MohamedS\.m2\repository\io\rest-assured\rest-assured-common\3.3.0\rest-assured-common-3.3.0.jar;C:\Users\MohamedS\.m2\repository\io\rest-assured\xml-path\3.3.0\xml-path-3.3.0.jar;C:\Users\MohamedS\.m2\repository\org\apache\commons\commons-lang3\3.4\commons-lang3-3.4.jar;C:\Users\MohamedS\.m2\repository\javax\xml\bind\jaxb-api\2.2.12\jaxb-api-2.2.12.jar;C:\Users\MohamedS\.m2\repository\com\sun\xml\bind\jaxb-osgi\2.2.10\jaxb-osgi-2.2.10.jar;C:\Users\MohamedS\.m2\repository\org\apache\sling\org.apache.sling.javax.activation\0.1.0\org.apache.sling.javax.activation-0.1.0.jar;C:\Users\MohamedS\.m2\repository\javax\activation\activation\1.1.1\activation-1.1.1.jar;C:\Users\MohamedS\.m2\repository\com\googlecode\json-simple\json-simple\1.1.1\json-simple-1.1.1.jar;"/>
    <property name="sun.cpu.endian" value="little"/>
    <property name="user.home" value="C:\Users\MohamedS"/>
    <property name="user.language" value="sv"/>
    <property name="java.specification.vendor" value="Oracle Corporation"/>
    <property name="java.version.date" value="2019-01-15"/>
    <property name="java.home" value="C:\Program Files\Java\jdk-11.0.2"/>
    <property name="file.separator" value="\"/>
    <property name="basedir" value="C:\Users\MohamedS\Documents\test-star\apiassignment\petstore"/>
    <property name="java.vm.compressedOopsMode" value="32-bit"/>
    <property name="line.separator" value="&#10;"/>
    <property name="java.specification.name" value="Java Platform API Specification"/>
    <property name="java.vm.specification.vendor" value="Oracle Corporation"/>
    <property name="java.awt.graphicsenv" value="sun.awt.Win32GraphicsEnvironment"/>
    <property name="surefire.real.class.path" value="C:\Users\MohamedS\AppData\Local\Temp\surefire15275209984907786511\surefirebooter7962061961116814160.jar"/>
    <property name="user.script" value=""/>
    <property name="sun.management.compiler" value="HotSpot 64-Bit Tiered Compilers"/>
    <property name="java.runtime.version" value="11.0.2+9-LTS"/>
    <property name="user.name" value="MohamedS"/>
    <property name="path.separator" value=";"/>
    <property name="os.version" value="10.0"/>
    <property name="java.runtime.name" value="Java(TM) SE Runtime Environment"/>
    <property name="file.encoding" value="Cp1252"/>
    <property name="java.vm.name" value="Java HotSpot(TM) 64-Bit Server VM"/>
    <property name="java.vendor.version" value="18.9"/>
    <property name="localRepository" value="C:\Users\MohamedS\.m2\repository"/>
    <property name="java.vendor.url.bug" value="http://bugreport.java.com/bugreport/"/>
    <property name="java.io.tmpdir" value="C:\Users\MohamedS\AppData\Local\Temp\"/>
    <property name="java.version" value="11.0.2"/>
    <property name="user.dir" value="C:\Users\MohamedS\Documents\test-star\apiassignment\petstore"/>
    <property name="os.arch" value="amd64"/>
    <property name="java.vm.specification.name" value="Java Virtual Machine Specification"/>
    <property name="java.awt.printerjob" value="sun.awt.windows.WPrinterJob"/>
    <property name="sun.os.patch.level" value=""/>
    <property name="java.library.path" value="C:\Program Files\Java\jdk-11.0.2\bin;C:\WINDOWS\Sun\Java\bin;C:\WINDOWS\system32;C:\WINDOWS;C:\Users\MohamedS\bin;C:\Program Files\Git\mingw64\bin;C:\Program Files\Git\usr\local\bin;C:\Program Files\Git\usr\bin;C:\Program Files\Git\usr\bin;C:\Program Files\Git\mingw64\bin;C:\Program Files\Git\usr\bin;C:\Users\MohamedS\bin;C:\ProgramData\DockerDesktop\version-bin;C:\Program Files\Docker\Docker\Resources\bin;C:\Program Files (x86)\Common Files\Oracle\Java\javapath;C:\WINDOWS\system32;C:\WINDOWS;C:\WINDOWS\System32\Wbem;C:\WINDOWS\System32\WindowsPowerShell\v1.0;C:\WINDOWS\System32\OpenSSH;C:\Program Files\Java\jdk-11.0.2\bin;C:\Dev_programs\apache-maven-3.6.0\bin;C:\Program Files\Git\cmd;C:\Program Files\dotnet;C:\Program Files\Intel\WiFi\bin;C:\Program Files\Common Files\Intel\WirelessCommon;C:\Program Files (x86)\Intel\Intel(R) Management Engine Components\DAL;C:\Program Files\Intel\Intel(R) Management Engine Components\DAL;C:\Program Files\nodejs;C:\Dev_programs\apache-maven-3.6.0\bin;C:\Users\MohamedS\AppData\Local\Programs\Python\Python37-32\Scripts;C:\Users\MohamedS\AppData\Local\Programs\Python\Python37-32;C:\Users\MohamedS\AppData\Local\Microsoft\WindowsApps;C:\Users\MohamedS\AppData\Local\atom\bin;C:\Users\MohamedS\AppData\Local\Microsoft\WindowsApps;C:\Users\MohamedS\AppData\Local\Programs\Microsoft VS Code\bin;C:\Users\MohamedS\AppData\Roaming\npm;C:\Users\MohamedS\.dotnet\tools;C:\Program Files\Git\usr\bin\vendor_perl;C:\Program Files\Git\usr\bin\core_perl;."/>
    <property name="java.vendor" value="Oracle Corporation"/>
    <property name="java.vm.info" value="mixed mode"/>
    <property name="java.vm.version" value="11.0.2+9-LTS"/>
    <property name="sun.io.unicode.encoding" value="UnicodeLittle"/>
    <property name="java.class.version" value="55.0"/>
  </properties>
  <testcase name="get" classname="start.test.petstore.PetTest" time="2.154"/>
  <testcase name="put" classname="start.test.petstore.PetTest" time="0.073"/>
  <testcase name="postorder" classname="start.test.petstore.PetTest" time="0.041"/>
</testsuite>